0:100  0:100  MemLog inited, TSC freq: 2294682631
0:100  0:000  
0:100  0:000  Now is 12.6.2017,  17:46:58 (GMT)
0:100  0:000  Starting Clover revision: 4063 on INSYDE Corp. EFI
0:100  0:000  Build with: [Args: -mc --no-usb -D NO_GRUB_DRIVERS_EMBEDDED -D CHECK_FLAGS -t XCODE8 | -D DISABLE_USB_SUPPORT -D NO_GRUB_DRIVERS_EMBEDDED -D CHECK_FLAGS -D USE_BIOS_BLOCKIO -D USE_LOW_EBDA -a X64 -b RELEASE -t XCODE8 -n 9 | OS: 10.12.4 | XCODE: 8.3.2]
0:100  0:000  SelfDevicePath=PciRoot(0x0)\Pci(0x1F,0x2)\Sata(0x0,0x0,0x0)\HD(1,GPT,4DEC5538-AA44-412C-97AC-B0B5BA6B1012,0x28,0x64000) @983CBB98
0:100  0:000  SelfDirPath = \EFI\BOOT
0:100  0:000  === [ Get Smbios ] ========================================
0:105  0:005  Type 16 Index = 0
0:105  0:000  Total Memory Slots Count = 2
0:105  0:000  Type 17 Index = 0
0:105  0:000  SmbiosTable.Type17->Speed = 1600MHz
0:105  0:000  SmbiosTable.Type17->Size = 8192MB
0:105  0:000  SmbiosTable.Type17->Bank/Device = BANK 0 DIMM0
0:105  0:000  SmbiosTable.Type17->Vendor = Unknown
0:105  0:000  SmbiosTable.Type17->SerialNumber = 00000000
0:105  0:000  SmbiosTable.Type17->PartNumber = CT102464BF160B.M16
0:105  0:000  Type 17 Index = 1
0:105  0:000  SmbiosTable.Type17->Speed = 1600MHz
0:105  0:000  SmbiosTable.Type17->Size = 8192MB
0:105  0:000  SmbiosTable.Type17->Bank/Device = BANK 2 DIMM1
0:105  0:000  SmbiosTable.Type17->Vendor = Unknown
0:105  0:000  SmbiosTable.Type17->SerialNumber = 00000000
0:105  0:000  SmbiosTable.Type17->PartNumber = CT102464BF160B.M16
0:105  0:000  Boot status=0
0:105  0:000  Running on: 'Aspire E1-572' with board 'EA50_HW '
0:105  0:000  === [ GetCPUProperties ] ==================================
0:105  0:000  CPU Vendor = 756E6547 Model=40651
0:105  0:000   The CPU supported SSE4.1
0:105  0:000  The CPU supported turbo
0:105  0:000  BrandString = Intel(R) Core(TM) i5-4200U CPU @ 1.60GHz
0:105  0:000  MSR 0xE2 before patch 1E008405
0:105  0:000  MSR 0xE2 is locked, PM patches will be turned on
0:105  0:000  MSR 0xCE              0008083D_F3011700
0:105  0:000  MSR 0x1A0             00850089
0:105  0:000  corrected FLEX_RATIO = 0
0:105  0:000  MSR 0x1B0             00000000
0:105  0:000  FSBFrequency = 95 MHz, DMI FSBFrequency = 100 MHz, Corrected FSBFrequency = 100 MHz
0:105  0:000  MaxDiv/MinDiv: 23.0/8
0:105  0:000  Turbo: 23/23/23/26
0:105  0:000  Features: 0xBFEBFBFF
0:105  0:000  Threads: 4
0:105  0:000  Cores: 2
0:105  0:000  FSB: 25 MHz
0:105  0:000  CPU: 2200 MHz
0:105  0:000  TSC: 2200 MHz
0:105  0:000  PIS: 100 MHz
0:105  0:000  === [ GetDevices ] ========================================
0:105  0:000  PCI (00|00:00.00) : 8086 0A04 class=060000
0:105  0:000  PCI (00|00:02.00) : 8086 0A16 class=030000
0:105  0:000   - GFX: Model=Intel HD Graphics 4400 (Intel)
0:105  0:000  PCI (00|00:03.00) : 8086 0A0C class=040300
0:105  0:000  PCI (00|00:14.00) : 8086 9C31 class=0C0330
0:105  0:000  PCI (00|00:16.00) : 8086 9C3A class=078000
0:105  0:000  PCI (00|00:1B.00) : 8086 9C20 class=040300
0:105  0:000  PCI (00|00:1C.00) : 8086 9C14 class=060400
0:106  0:000  PCI (00|01:00.00) : 14E4 16B3 class=020000
0:106  0:000   - LAN: 0 Vendor=Broadcom
0:106  0:000  PCI (00|01:00.01) : 14E4 16BC class=080501
0:106  0:000  PCI (00|00:1C.03) : 8086 9C16 class=060400
0:106  0:000  PCI (00|02:00.00) : 14E4 43B1 class=028000
0:106  0:000   - WIFI: Vendor=Broadcom
0:106  0:000  PCI (00|00:1D.00) : 8086 9C26 class=0C0320
0:106  0:000  PCI (00|00:1F.00) : 8086 9C43 class=060100
0:106  0:000  PCI (00|00:1F.02) : 8086 9C03 class=010601
0:106  0:000  PCI (00|00:1F.03) : 8086 9C22 class=0C0500
0:106  0:000  PCI (00|00:1F.06) : FFFF FFFF class=FFFFFF
0:106  0:000  === [ GetDefaultSettings ] ================================
0:106  0:000  Clover load options size = 0 bytes
0:112  0:005  EFI\CLOVER\config.plist loaded: Success
0:112  0:000  === [ GetListOfThemes ] ===================================
0:112  0:000  - [00]: embedded
0:113  0:000  - [00]: random
0:114  0:001  - [00]: tonymacx86
0:115  0:000  === [ Found config plists ] ===============================
0:116  0:000  - config_pre1.plist
0:116  0:000  - config.plist
0:116  0:000  - config_pre.plist
0:116  0:000  === [ GetEarlyUserSettings ] ==============================
0:116  0:000  timeout set to 3
0:116  0:000  Custom boot CUSTOM_BOOT_DISABLED (0x0)
0:116  0:000  ForceKextsToLoad: 1 requested
0:116  0:000   - [0]: System\Library\Extensions\IONetworkingFamily.kext
0:116  0:000  KextsToPatch: 22 requested
0:116  0:000   - [00]: AirPortBrcm4360 (AirPortBrcm4360 - fcvo) :: BinPatch :: data len: 8
0:116  0:000   - [01]: com.apple.driver.AppleBacklight (change F%uT%04x to F%uTxxxx in AppleBacklightInjector.kext (credit RehabMan)) :: BinPatch :: data len: 9
0:116  0:000   - [02]: com.apple.driver.AppleIntelFramebufferAzul (Enable 9MB cursor bytes, 0x0a260006) :: BinPatch :: data len: 20
0:116  0:000   - [03]: com.apple.driver.AppleIntelFramebufferAzul (Enable 96MB DVMT-prealloc, 0x0a2e0008) :: BinPatch :: data len: 12
0:116  0:000   - patch disabled at config
0:116  0:000   - [04]: com.apple.driver.AppleIntelFramebufferAzul (Enable 128MB DVMT-prealloc, 0x0a2e0008) :: BinPatch :: data len: 12
0:116  0:000   - patch disabled at config
0:116  0:000   - [05]: com.apple.driver.AppleIntelFramebufferAzul (Enable 128MB DVMT-prealloc, 48MB framebuffer, 48MB cursor bytes, 0x0a260006) :: BinPatch :: data len: 20
0:116  0:000   - patch disabled at config
0:116  0:000   - [06]: com.apple.driver.AppleIntelFramebufferAzul (HDMI-audio, port 0105, 0x0a260005 0x0a260006, 0x0d220003, 0x0a2e000a, 0x0a26000a) :: BinPatch :: data len: 12
0:116  0:000   - patch disabled at config
0:116  0:000   - [07]: com.apple.driver.AppleIntelFramebufferAzul (HDMI-audio, port 0204, 0x0d220003, 0x0a2e000a, 0x0a26000a) :: BinPatch :: data len: 12
0:116  0:000   - patch disabled at config
0:116  0:000   - [08]: com.apple.driver.AppleIntelFramebufferAzul (HDMI-audio, port 0204, 0x0a260005 0x0a260006) :: BinPatch :: data len: 12
0:116  0:000   - [09]: com.apple.driver.AppleIntelFramebufferAzul (HDMI-audio, port 0105, 0x0a2e0008, 0x0a16000c, 0x0a2e000d, 0x0a26000d) :: BinPatch :: data len: 12
0:116  0:000   - patch disabled at config
0:116  0:000   - [10]: com.apple.driver.AppleIntelFramebufferAzul (HDMI-audio, port 0204, 0x0a2e0008, 0x0a16000c, 0x0a2e000d, 0x0a26000d) :: BinPatch :: data len: 12
0:116  0:000   - patch disabled at config
0:116  0:000   - [11]: com.apple.driver.AppleIntelFramebufferAzul (HDMI-audio, port 0204, 0x0a2e0008, 0x0a16000c, 0x0a2e000d, 0x0a26000d) :: MatchOS: 10.12.x :: BinPatch :: data len: 12
0:116  0:000   - patch disabled at config
0:116  0:000   - [12]: com.apple.driver.AppleIntelFramebufferAzul (Enable internal display after sleep for 0x0a2e0008, credit syscl/lighting/Yating Zhou) :: BinPatch :: data len: 16
0:116  0:000   - patch disabled at config
0:116  0:000   - [13]: AppleIntelFramebufferAzul (Enable internal display after sleep for 0x0a2e000a, 0x0a26000a) :: BinPatch :: data len: 16
0:116  0:000   - patch disabled at config
0:116  0:000   - [14]: com.apple.driver.AppleIntelFramebufferAzul (HDMI-audio, port 0105(12), 0x0a260005 0x0a260006, 0x0d220003, 0x0a2e000a, 0x0a26000a) :: BinPatch :: data len: 12
0:116  0:000   - patch disabled at config
0:116  0:000   - [15]: com.apple.driver.AppleIntelFramebufferAzul (HDMI-audio, port 0204(12), 0x0d220003, 0x0a2e000a, 0x0a26000a) :: BinPatch :: data len: 12
0:116  0:000   - patch disabled at config
0:116  0:000   - [16]: com.apple.driver.AppleIntelFramebufferAzul (HDMI-audio, port 0204(12), 0x0a260005 0x0a260006) :: BinPatch :: data len: 12
0:116  0:000   - patch disabled at config
0:116  0:000   - [17]: com.apple.driver.AppleIntelFramebufferAzul (HDMI-audio, port 0105(12), 0x0a2e0008, 0x0a16000c, 0x0a2e000d, 0x0a26000d) :: BinPatch :: data len: 12
0:116  0:000   - patch disabled at config
0:116  0:000   - [18]: com.apple.driver.AppleIntelFramebufferAzul (HDMI-audio, port 0204(12), 0x0a2e0008, 0x0a16000c, 0x0a2e000d, 0x0a26000d) :: BinPatch :: data len: 12
0:116  0:000   - patch disabled at config
0:116  0:000   - [19]: com.apple.driver.AppleIntelFramebufferAzul (HDMI-audio, port 0204(12), 0x0a2e0008, 0x0a16000c, 0x0a2e000d, 0x0a26000d) :: MatchOS: 10.12.x :: BinPatch :: data len: 12
0:116  0:000   - patch disabled at config
0:116  0:000   - [20]: AppleHDA (Zeroing 10ec0885 codec (patched by AppleHDA Patcher.app)) :: BinPatch :: data len: 4
0:116  0:000   - [21]: AppleHDA (Patching 11d41984 with 10ec0282 codec (patched by AppleHDA Patcher.app)) :: BinPatch :: data len: 4
0:116  0:000  KernelToPatch: 1 requested
0:116  0:000   - [00]: MSR 0xE2 _xcpm_idle instant reboot(c) Pike R. Alpha :: MatchOS: 10.12.x,10.11.x :: data len: 8
0:116  0:000  Default theme: tonymacx86
0:116  0:000  ** Warning: unknown custom entry Type 'Other'
0:116  0:000  === [ LoadDrivers ] =======================================
0:116  0:000  Loading AppleImageCodec-64.efi  status=Success
0:118  0:001  Loading AppleKeyAggregator-64.efi  status=Success
0:118  0:000  Loading AppleUITheme-64.efi  status=Success
0:118  0:000  Loading DataHubDxe-64.efi  status=Success
0:119  0:000  Loading FirmwareVolume-64.efi  status=Success
0:120  0:000  Loading FSInject-64.efi  status=Success
0:120  0:000  Loading OsxAptioFix2Drv-64.efi  status=Success
0:121  0:000  Loading OsxFatBinaryDrv-64.efi  status=Success
0:121  0:000  Loading SMCHelper-64.efi  status=Success
0:121  0:000  Loading VBoxHfs-64.efi  status=Success
0:122  0:000   - driver needs connecting
0:122  0:000  1 drivers needs connecting ...
0:122  0:000  PlatformDriverOverrideProtocol not found. Installing ... Success
0:122  0:000  Searching for invalid DiskIo BY_DRIVER connects: not found, all ok
0:433  0:311  === [ InitScreen ] ========================================
0:433  0:000  SetScreenResolution: 1920x1080 - not found!
0:433  0:000  SetMaxResolution: found best mode 0: 1366x768
0:433  0:000   - already set
0:433  0:000  Console modes reported: 5, available modes:
0:433  0:000   - [01]: 80x25
0:433  0:000   - [03]: 170x40 (current mode)
0:433  0:000   - [04]: 100x31
0:433  0:000   - [05]: 128x40
0:433  0:000  reinit: self device path=PciRoot(0x0)\Pci(0x1F,0x2)\Sata(0x0,0x0,0x0)\HD(1,GPT,4DEC5538-AA44-412C-97AC-B0B5BA6B1012,0x28,0x64000)
0:433  0:000  Using embedded font: Error
0:435  0:002  === [ GetMacAddress ] =====================================
0:435  0:000  MAC address of LAN #0= 20:1A:06:CD:3A:C3:
0:435  0:000  === [ ScanSPD ] ===========================================
0:436  0:000  SMBus device : 8086 9C22 class=0C0500 status=Success
0:436  0:000  SMBus CmdReg: 0x3
0:436  0:000  Scanning SMBus [8086:9C22], mmio: 0xB0819004, ioport: 0x3040, hostc: 0x11
0:436  0:000  Slots to scan [8]...
0:436  0:000  SPD[0]: Type 11 @0x50
0:455  0:019  DDR speed 1600MHz
0:455  0:000  Slot: 0 Type 24 8192MB 1600MHz Vendor=Crucial Technology PartNo=CT102464BF160B.M16FP SerialNo=0000000000000000
0:456  0:000  SPD[2]: Type 11 @0x52
0:475  0:019  DDR speed 1600MHz
0:475  0:000  Slot: 2 Type 24 8192MB 1600MHz Vendor=Crucial Technology PartNo=CT102464BF160B.M16FP SerialNo=0000000000000000
0:476  0:000  === [ GetAcpiTablesList ] =================================
0:490  0:014  Get Acpi Tables List from RSDT:
0:490  0:000   - [00]: FACP  ACRPRDCT len=268
0:490  0:000   - [01]: UEFI  ACRPRDCT len=566
0:490  0:000   - [02]: FPDT  ACRPRDCT len=68
0:490  0:000   - [03]: MSDM  ACRPRDCT len=85
0:490  0:000   - [04]: ASF!  ACRPRDCT len=165
0:490  0:000   - [05]: HPET  ACRPRDCT len=56
0:490  0:000   - [06]: APIC  ACRPRDCT len=140
0:490  0:000   - [07]: MCFG  ACRPRDCT len=60
0:490  0:000   - [08]: SSDT  ACRPRDCT len=8232
0:490  0:000   - [09]: BOOT  ACRPRDCT len=40
0:490  0:000   - [10]: ASPT  ACRPRDCT len=52
0:491  0:000   - [11]: DBGP  ACRPRDCT len=52
0:491  0:000   - [12]: SSDT  ACRPRDCT len=1337
0:491  0:000   - [13]: SSDT  ACRPRDCT len=2776
0:491  0:000   - [14]: SSDT  ACRPRDCT len=15173
0:491  0:000   - [15]: BGRT  ACRPRDCT len=56
0:491  0:000  Calibrated TSC frequency =2294682631 =2294MHz
0:491  0:000  === [ GetUserSettings ] ===================================
0:491  0:000  Add 3 properties:
0:491  0:000   - [00]: IntelGFX, len: 10
0:491  0:000   - [01]: HDA, len: 10
0:491  0:000   - [02]: HDA, len: 4
0:491  0:000  USB FixOwnership: yes
0:491  0:000  Dropping 2 tables:
0:491  0:000   - [00]: Drop table  signature="#MCF" (46434D23)
0:491  0:000           - set table: 46434D23,                0 to drop: no
0:491  0:000   - [01]: Drop table  signature="DMAR" (52414D44)
0:491  0:000           - set table: 52414D44,                0 to drop: no
0:491  0:000   - final DSDT Fix mask=00000000
0:491  0:000  PatchesDSDT: 12 requested
0:491  0:000   - [00]: (change OSID to XSID (to avoid match against _OSI XOSI patch)) lenToFind: 4, lenToReplace: 4
0:491  0:000    patch disabled at config
0:491  0:000   - [01]: (change _OSI to XOSI) lenToFind: 4, lenToReplace: 4
0:491  0:000    patch disabled at config
0:491  0:000   - [02]: (change _DSM to XDSM) lenToFind: 4, lenToReplace: 4
0:491  0:000    patch disabled at config
0:491  0:000   - [03]: (change EC0 to EC) lenToFind: 4, lenToReplace: 4
0:491  0:000   - [04]: (change H_EC to EC) lenToFind: 4, lenToReplace: 4
0:491  0:000    patch disabled at config
0:491  0:000   - [05]: (change EHC1 to EH01) lenToFind: 4, lenToReplace: 4
0:491  0:000   - [06]: (change EHC2 to EH02) lenToFind: 4, lenToReplace: 4
0:491  0:000   - [07]: (change GFX0 to IGPU) lenToFind: 4, lenToReplace: 4
0:491  0:000   - [08]: (change GFX0 to IGPU) lenToFind: 4, lenToReplace: 4
0:491  0:000   - [09]: (change PCI0.VID to IGPU #1 (Thinkpad)) lenToFind: 8, lenToReplace: 8
0:491  0:000   - [10]: (change PCI0.VID to IGPU #2 (Thinkpad)) lenToFind: 14, lenToReplace: 14
0:491  0:000   - [11]: (change B0D3 to HDAU) lenToFind: 4, lenToReplace: 4
0:491  0:000  PluginType: 1
0:491  0:000  ChassisType: 0x8
0:492  0:000  === [ ScanVolumes ] =======================================
0:492  0:000  Found 10 volumes with blockIO
0:492  0:000  - [00]: Volume: PciRoot(0x0)\Pci(0x1F,0x2)\Sata(0x0,0x0,0x0)
0:492  0:000  - [01]: Volume: PciRoot(0x0)\Pci(0x1F,0x2)\Sata(0x1,0x0,0x0)
0:505  0:013  - [02]: Volume: PciRoot(0x0)\Pci(0x1F,0x2)\Sata(0x0,0x0,0x0)\HD(1,GPT,4DEC5538-AA44-412C-97AC-B0B5BA6B1012,0x28,0x64000)
0:505  0:000          Result of bootcode detection: bootable unknown (legacy)
0:506  0:000          This is SelfVolume !!
0:506  0:000  - [03]: Volume: PciRoot(0x0)\Pci(0x1F,0x2)\Sata(0x0,0x0,0x0)\HD(2,GPT,B9D702D4-6BC9-4833-A006-20AB2F758901,0x64028,0x1166FA08)
0:506  0:000  - [04]: Volume: PciRoot(0x0)\Pci(0x1F,0x2)\Sata(0x0,0x0,0x0)\HD(3,GPT,2F08F52E-BBC5-4F1C-98E8-936F3B797842,0x116D3A30,0x135F20)
0:506  0:000  - [05]: Volume: PciRoot(0x0)\Pci(0x1F,0x2)\Sata(0x0,0x0,0x0)\HD(4,GPT,A01D1EF1-4B59-4795-9557-984FB739FB90,0x11809950,0x2B9CFA98)
0:506  0:000  - [06]: Volume: PciRoot(0x0)\Pci(0x1F,0x2)\Sata(0x1,0x0,0x0)\HD(1,GPT,1041066B-4127-47F3-B7E7-818F6187F16B,0x28,0x64000)
0:507  0:000          Result of bootcode detection: bootable unknown (legacy)
0:507  0:000  - [07]: Volume: PciRoot(0x0)\Pci(0x1F,0x2)\Sata(0x1,0x0,0x0)\HD(2,GPT,D0C16CBC-6846-44FE-A4ED-B1A03C8FAE46,0x64028,0x1166FA08)
0:518  0:010  - [08]: Volume: PciRoot(0x0)\Pci(0x1F,0x2)\Sata(0x1,0x0,0x0)\HD(3,GPT,E27C0F31-4CC0-4868-989D-D0699F187544,0x116D3A30,0x135F20)
0:547  0:029  - [09]: Volume: PciRoot(0x0)\Pci(0x1F,0x2)\Sata(0x1,0x0,0x0)\HD(4,GPT,4F1A73E8-EAD5-4E33-8CAA-AA22862070C0,0x11809950,0x62EBD438)
0:558  0:011  === [ InitTheme ] =========================================
0:558  0:000  Using theme 'tonymacx86' (EFI\CLOVER\themes\tonymacx86)
0:559  0:000  Loading font from ThemeDir: Error
0:560  0:001  Choosing theme tonymacx86
0:560  0:000  found boot-args in NVRAM:, size=1
0:560  0:000  after NVRAM boot-args=dart=0 nv_disable=1 kext-dev-mode=1
0:560  0:000  === [ Dump SMC keys from NVRAM ] ==========================
0:560  0:000  found AppleSMC protocol
0:568  0:008  === [ AddCustomEntries ] ==================================
0:568  0:000  Custom entry 0 skipped because it is disabled.
0:568  0:000  === [ ScanLoader ] ========================================
0:568  0:000  - [02]: 'EFI'
0:590  0:021  - [03]: 'SIERRA'
0:592  0:002          AddLoaderEntry for Volume Name=SIERRA
0:592  0:000      Not match custom entry 0: Type: not match
0:594  0:001      hibernated: set as never
0:614  0:019  - [04]: 'Recovery HD'
0:615  0:000          AddLoaderEntry for Volume Name=Recovery HD
0:615  0:000      Not match custom entry 0: Type: not match
0:635  0:020  - [05]: 'DATA'
0:652  0:017  - [06]: 'EFI'
0:695  0:043  - [07]: 'sierra2'
0:733  0:037          AddLoaderEntry for Volume Name=sierra2
0:733  0:000      Not match custom entry 0: Type: not match
0:759  0:026      hibernated: set as never
0:777  0:018  - [08]: 'Recovery HD'
0:807  0:030          AddLoaderEntry for Volume Name=Recovery HD
0:807  0:000      Not match custom entry 0: Type: not match
0:839  0:031  - [09]: 'DATAMAC'
0:874  0:034  Scanning legacy ...
0:874  0:000  === [ AddCustomTool ] =====================================
0:874  0:000  found tool \EFI\CLOVER\tools\Shell64U.efi
0:874  0:000  Checking EFI partition Volume 2 for Clover
0:874  0:000   Found Clover
0:876  0:002  === [ GetEfiBootDeviceFromNvram ] =========================
0:876  0:000   - found entry 0. 'Boot macOS from SIERRA', Volume 'SIERRA', DevicePath 'PciRoot(0x0)\Pci(0x1F,0x2)\Sata(0x0,0x0,0x0)\HD(2,GPT,B9D702D4-6BC9-4833-A006-20AB2F758901,0x64028,0x1166FA08)\System\Library\CoreServices\boot.efii'
0:876  0:000  DefaultIndex=0 and MainMenu.EntryCount=10
0:999  0:122  GUI ready
8:050  7:050  Found UEFI Acpi 2.0 RSDP at 9AFFE014
8:050  0:000  Saving ACPI tables from RSDP 9AFFE014 to EFI\CLOVER\ACPI\origin ...
8:050  0:000   9AFFE014: 'RSD PTR ', Rev: 2 (Acpi 2.0 or newer), Len: 36 -> RSDP.aml
8:058  0:008    (Xsdt: 9AFFE210, Rsdt: 9AFFE124)
8:058  0:000    9AFFE210: 'XSDT', 'ACRPRDCT', Rev: 1, Len: 164 -> XSDT.aml
8:062  0:004    9AFFE124: 'RSDT', 'ACRPRDCT', Rev: 1, Len: 100 -> RSDT.aml
8:066  0:004    Tables in Xsdt: 16
8:066  0:000    0. 9AFF8000: 'FACP', 'ACRPRDCT', Rev: 5, Len: 268 -> FACP.aml
8:070  0:004        (Dsdt: 9AFE4000, Facs: 9AFB9000, XDsdt: 9AFE4000, XFacs: 0)
8:070  0:000        9AFE4000: 'DSDT', 'ACRPRDCT', Rev: 1, Len: 67190 -> DSDT.aml
8:080  0:009        9AFB9000: 'FACS', Ver: 2, Len: 64 -> FACS.aml
8:084  0:004    1. 9AFFD000: 'UEFI', 'ACRPRDCT', Rev: 1, Len: 566 -> UEFI.aml
8:088  0:004    2. 9AFFB000: 'FPDT', 'ACRPRDCT', Rev: 1, Len: 68 -> FPDT.aml
8:092  0:004    3. 9AFFA000: 'MSDM', 'ACRPRDCT', Rev: 3, Len: 85 -> MSDM.aml
8:097  0:005    4. 9AFF9000: 'ASF!', 'ACRPRDCT', Rev: 32, Len: 165 -> ASF!.aml
8:101  0:003    5. 9AFF7000: 'HPET', 'ACRPRDCT', Rev: 1, Len: 56 -> HPET.aml
8:105  0:003    6. 9AFF6000: 'APIC', 'ACRPRDCT', Rev: 3, Len: 140 -> APIC.aml
8:108  0:003    7. 9AFF5000: 'MCFG', 'ACRPRDCT', Rev: 1, Len: 60 -> MCFG.aml
8:112  0:003    8. 9AFE1000: 'SSDT', 'ACRPRDCT', Rev: 1, Len: 8232 -> SSDT-0.aml
8:116  0:003    9. 9AFDF000: 'BOOT', 'ACRPRDCT', Rev: 1, Len: 40 -> BOOT.aml
8:120  0:003    10. 9AFDD000: 'ASPT', 'ACRPRDCT', Rev: 7, Len: 52 -> ASPT.aml
8:124  0:003    11. 9AFDC000: 'DBGP', 'ACRPRDCT', Rev: 1, Len: 52 -> DBGP.aml
8:128  0:003    12. 9AFDB000: 'SSDT', 'ACRPRDCT', Rev: 1, Len: 1337 -> SSDT-1.aml
8:132  0:003    13. 9AFDA000: 'SSDT', 'ACRPRDCT', Rev: 1, Len: 2776
 Found hidden SSDT 4 pcs
8:132  0:000        * 98123598: '', '', Rev: 0, Len: 0  00 00 00 00 00 00 00 00 00 00 00 00 00 00 00 00       * 9AE38618: 'SSDT', 'ApIst', Rev: 1, Len: 1450  53 53 44 54 AA 05 00 00 01 CF 50 6D 52 65 66 00 Internal length = 1450 -> SSDT-3x.aml
8:136  0:003        * 9AE38C18: 'SSDT', 'Cpu0Cst', Rev: 1, Len: 979  53 53 44 54 D3 03 00 00 01 AF 50 6D 52 65 66 00 Internal length = 979 -> SSDT-4x.aml
8:139  0:003        * 9AE37D98: 'SSDT', 'ApCst', Rev: 1, Len: 281  53 53 44 54 19 01 00 00 01 EB 50 6D 52 65 66 00 Internal length = 281 -> SSDT-5x.aml
8:143  0:003   -> SSDT-2.aml
8:148  0:004    14. 9AFD6000: 'SSDT', 'ACRPRDCT', Rev: 1, Len: 15173 -> SSDT-6.aml
8:158  0:010    15. 9AFD5000: 'BGRT', 'ACRPRDCT', Rev: 1, Len: 56 -> BGRT.aml
8:162  0:004    Tables in Rsdt: 16
8:162  0:000    0. 9AFF8000: 'FACP', 'ACRPRDCT', Rev: 5, Len: 268
8:162  0:000        (Dsdt: 9AFE4000, Facs: 9AFB9000, XDsdt: 9AFE4000, XFacs: 0)
8:162  0:000        9AFE4000: 'DSDT', 'ACRPRDCT', Rev: 1, Len: 67190
8:164  0:001        9AFB9000: 'FACS', Ver: 2, Len: 64
8:164  0:000    1. 9AFFD000: 'UEFI', 'ACRPRDCT', Rev: 1, Len: 566
8:164  0:000    2. 9AFFB000: 'FPDT', 'ACRPRDCT', Rev: 1, Len: 68
8:164  0:000    3. 9AFFA000: 'MSDM', 'ACRPRDCT', Rev: 3, Len: 85
8:164  0:000    4. 9AFF9000: 'ASF!', 'ACRPRDCT', Rev: 32, Len: 165
8:164  0:000    5. 9AFF7000: 'HPET', 'ACRPRDCT', Rev: 1, Len: 56
8:164  0:000    6. 9AFF6000: 'APIC', 'ACRPRDCT', Rev: 3, Len: 140
8:164  0:000    7. 9AFF5000: 'MCFG', 'ACRPRDCT', Rev: 1, Len: 60
8:164  0:000    8. 9AFE1000: 'SSDT', 'ACRPRDCT', Rev: 1, Len: 8232
8:164  0:000    9. 9AFDF000: 'BOOT', 'ACRPRDCT', Rev: 1, Len: 40
8:164  0:000    10. 9AFDD000: 'ASPT', 'ACRPRDCT', Rev: 7, Len: 52
8:164  0:000    11. 9AFDC000: 'DBGP', 'ACRPRDCT', Rev: 1, Len: 52
8:164  0:000    12. 9AFDB000: 'SSDT', 'ACRPRDCT', Rev: 1, Len: 1337
8:164  0:000    13. 9AFDA000: 'SSDT', 'ACRPRDCT', Rev: 1, Len: 2776
8:164  0:000    14. 9AFD6000: 'SSDT', 'ACRPRDCT', Rev: 1, Len: 15173
8:164  0:000    15. 9AFD5000: 'BGRT', 'ACRPRDCT', Rev: 1, Len: 56
8:164  0:000  Found UEFI Acpi 1.0 RSDP at 9AFFE000
8:164  0:000  Printing ACPI tables from RSDP 9AFFE000 ...
8:164  0:000   9AFFE000: 'RSD PTR ', Rev: 0 (Acpi 1.0), Len: 20
8:164  0:000    (Rsdt: 9AFFE038)
8:164  0:000    9AFFE038: 'RSDT', 'ACRPRDCT', Rev: 1, Len: 100
8:164  0:000    Tables in Rsdt: 16
8:164  0:000    0. 9AFF8000: 'FACP', 'ACRPRDCT', Rev: 5, Len: 268
8:164  0:000        (Dsdt: 9AFE4000, Facs: 9AFB9000, XDsdt: 9AFE4000, XFacs: 0)
8:164  0:000        9AFE4000: 'DSDT', 'ACRPRDCT', Rev: 1, Len: 67190
8:166  0:001        9AFB9000: 'FACS', Ver: 2, Len: 64
8:166  0:000    1. 9AFFD000: 'UEFI', 'ACRPRDCT', Rev: 1, Len: 566
8:166  0:000    2. 9AFFB000: 'FPDT', 'ACRPRDCT', Rev: 1, Len: 68
8:166  0:000    3. 9AFFA000: 'MSDM', 'ACRPRDCT', Rev: 3, Len: 85
8:166  0:000    4. 9AFF9000: 'ASF!', 'ACRPRDCT', Rev: 32, Len: 165
8:166  0:000    5. 9AFF7000: 'HPET', 'ACRPRDCT', Rev: 1, Len: 56
8:166  0:000    6. 9AFF6000: 'APIC', 'ACRPRDCT', Rev: 3, Len: 140
8:166  0:000    7. 9AFF5000: 'MCFG', 'ACRPRDCT', Rev: 1, Len: 60
8:166  0:000    8. 9AFE1000: 'SSDT', 'ACRPRDCT', Rev: 1, Len: 8232
8:166  0:000    9. 9AFDF000: 'BOOT', 'ACRPRDCT', Rev: 1, Len: 40
8:166  0:000    10. 9AFDD000: 'ASPT', 'ACRPRDCT', Rev: 7, Len: 52
8:166  0:000    11. 9AFDC000: 'DBGP', 'ACRPRDCT', Rev: 1, Len: 52
8:166  0:000    12. 9AFDB000: 'SSDT', 'ACRPRDCT', Rev: 1, Len: 1337
8:166  0:000    13. 9AFDA000: 'SSDT', 'ACRPRDCT', Rev: 1, Len: 2776
8:166  0:000    14. 9AFD6000: 'SSDT', 'ACRPRDCT', Rev: 1, Len: 15173
8:166  0:000    15. 9AFD5000: 'BGRT', 'ACRPRDCT', Rev: 1, Len: 56
10:196  2:029  ReinitSelfLib after theme change
10:196  0:000  reinit: self device path=PciRoot(0x0)\Pci(0x1F,0x2)\Sata(0x0,0x0,0x0)\HD(1,GPT,4DEC5538-AA44-412C-97AC-B0B5BA6B1012,0x28,0x64000)
10:196  0:000  === [ ScanVolumes ] =======================================
10:196  0:000  Found 10 volumes with blockIO
10:196  0:000  - [00]: Volume: PciRoot(0x0)\Pci(0x1F,0x2)\Sata(0x0,0x0,0x0)
10:196  0:000  - [01]: Volume: PciRoot(0x0)\Pci(0x1F,0x2)\Sata(0x1,0x0,0x0)
10:302  0:105  - [02]: Volume: PciRoot(0x0)\Pci(0x1F,0x2)\Sata(0x0,0x0,0x0)\HD(1,GPT,4DEC5538-AA44-412C-97AC-B0B5BA6B1012,0x28,0x64000)
10:302  0:000          Result of bootcode detection: bootable unknown (legacy)
10:302  0:000          This is SelfVolume !!
10:302  0:000  - [03]: Volume: PciRoot(0x0)\Pci(0x1F,0x2)\Sata(0x0,0x0,0x0)\HD(2,GPT,B9D702D4-6BC9-4833-A006-20AB2F758901,0x64028,0x1166FA08)
10:302  0:000  - [04]: Volume: PciRoot(0x0)\Pci(0x1F,0x2)\Sata(0x0,0x0,0x0)\HD(3,GPT,2F08F52E-BBC5-4F1C-98E8-936F3B797842,0x116D3A30,0x135F20)
10:303  0:000  - [05]: Volume: PciRoot(0x0)\Pci(0x1F,0x2)\Sata(0x0,0x0,0x0)\HD(4,GPT,A01D1EF1-4B59-4795-9557-984FB739FB90,0x11809950,0x2B9CFA98)
10:303  0:000  - [06]: Volume: PciRoot(0x0)\Pci(0x1F,0x2)\Sata(0x1,0x0,0x0)\HD(1,GPT,1041066B-4127-47F3-B7E7-818F6187F16B,0x28,0x64000)
10:303  0:000          Result of bootcode detection: bootable unknown (legacy)
10:308  0:004  - [07]: Volume: PciRoot(0x0)\Pci(0x1F,0x2)\Sata(0x1,0x0,0x0)\HD(2,GPT,D0C16CBC-6846-44FE-A4ED-B1A03C8FAE46,0x64028,0x1166FA08)
10:315  0:006  - [08]: Volume: PciRoot(0x0)\Pci(0x1F,0x2)\Sata(0x1,0x0,0x0)\HD(3,GPT,E27C0F31-4CC0-4868-989D-D0699F187544,0x116D3A30,0x135F20)
10:333  0:018  - [09]: Volume: PciRoot(0x0)\Pci(0x1F,0x2)\Sata(0x1,0x0,0x0)\HD(4,GPT,4F1A73E8-EAD5-4E33-8CAA-AA22862070C0,0x11809950,0x62EBD438)
10:344  0:010  Choosing theme tonymacx86
10:344  0:000  found boot-args in NVRAM:, size=1
10:344  0:000  after NVRAM boot-args=dart=0 nv_disable=1 kext-dev-mode=1
10:344  0:000  === [ AddCustomEntries ] ==================================
10:344  0:000  Custom entry 0 skipped because it is disabled.
10:344  0:000  === [ ScanLoader ] ========================================
10:344  0:000  - [02]: 'EFI'
10:361  0:017  - [03]: 'SIERRA'
10:361  0:000          AddLoaderEntry for Volume Name=SIERRA
10:361  0:000      Not match custom entry 0: Type: not match
10:363  0:001      hibernated: set as never
10:381  0:018  - [04]: 'Recovery HD'
10:381  0:000          AddLoaderEntry for Volume Name=Recovery HD
10:381  0:000      Not match custom entry 0: Type: not match
10:399  0:018  - [05]: 'DATA'
10:415  0:016  - [06]: 'EFI'
10:432  0:016  - [07]: 'sierra2'
10:432  0:000          AddLoaderEntry for Volume Name=sierra2
10:432  0:000      Not match custom entry 0: Type: not match
10:456  0:023      hibernated: set as never
10:474  0:017  - [08]: 'Recovery HD'
10:474  0:000          AddLoaderEntry for Volume Name=Recovery HD
10:474  0:000      Not match custom entry 0: Type: not match
10:492  0:018  - [09]: 'DATAMAC'
10:508  0:016  Scanning legacy ...
10:508  0:000  === [ AddCustomTool ] =====================================
10:508  0:000  found tool \EFI\CLOVER\tools\Shell64U.efi
10:508  0:000  Checking EFI partition Volume 2 for Clover
10:509  0:000   Found Clover
10:509  0:000  === [ GetEfiBootDeviceFromNvram ] =========================
10:509  0:000   - found entry 0. 'Boot macOS from SIERRA', Volume 'SIERRA', DevicePath 'PciRoot(0x0)\Pci(0x1F,0x2)\Sata(0x0,0x0,0x0)\HD(2,GPT,B9D702D4-6BC9-4833-A006-20AB2F758901,0x64028,0x1166FA08)\System\Library\CoreServices\boot.efii'
10:509  0:000  DefaultIndex=0 and MainMenu.EntryCount=10
12:220  1:711  ReinitSelfLib after theme change
12:220  0:000  reinit: self device path=PciRoot(0x0)\Pci(0x1F,0x2)\Sata(0x0,0x0,0x0)\HD(1,GPT,4DEC5538-AA44-412C-97AC-B0B5BA6B1012,0x28,0x64000)
12:220  0:000  === [ ScanVolumes ] =======================================
12:220  0:000  Found 10 volumes with blockIO
12:220  0:000  - [00]: Volume: PciRoot(0x0)\Pci(0x1F,0x2)\Sata(0x0,0x0,0x0)
12:221  0:000  - [01]: Volume: PciRoot(0x0)\Pci(0x1F,0x2)\Sata(0x1,0x0,0x0)
12:221  0:000  - [02]: Volume: PciRoot(0x0)\Pci(0x1F,0x2)\Sata(0x0,0x0,0x0)\HD(1,GPT,4DEC5538-AA44-412C-97AC-B0B5BA6B1012,0x28,0x64000)
12:221  0:000          Result of bootcode detection: bootable unknown (legacy)
12:221  0:000          This is SelfVolume !!
12:221  0:000  - [03]: Volume: PciRoot(0x0)\Pci(0x1F,0x2)\Sata(0x0,0x0,0x0)\HD(2,GPT,B9D702D4-6BC9-4833-A006-20AB2F758901,0x64028,0x1166FA08)
12:221  0:000  - [04]: Volume: PciRoot(0x0)\Pci(0x1F,0x2)\Sata(0x0,0x0,0x0)\HD(3,GPT,2F08F52E-BBC5-4F1C-98E8-936F3B797842,0x116D3A30,0x135F20)
12:222  0:000  - [05]: Volume: PciRoot(0x0)\Pci(0x1F,0x2)\Sata(0x0,0x0,0x0)\HD(4,GPT,A01D1EF1-4B59-4795-9557-984FB739FB90,0x11809950,0x2B9CFA98)
12:222  0:000  - [06]: Volume: PciRoot(0x0)\Pci(0x1F,0x2)\Sata(0x1,0x0,0x0)\HD(1,GPT,1041066B-4127-47F3-B7E7-818F6187F16B,0x28,0x64000)
12:222  0:000          Result of bootcode detection: bootable unknown (legacy)
12:222  0:000  - [07]: Volume: PciRoot(0x0)\Pci(0x1F,0x2)\Sata(0x1,0x0,0x0)\HD(2,GPT,D0C16CBC-6846-44FE-A4ED-B1A03C8FAE46,0x64028,0x1166FA08)
12:222  0:000  - [08]: Volume: PciRoot(0x0)\Pci(0x1F,0x2)\Sata(0x1,0x0,0x0)\HD(3,GPT,E27C0F31-4CC0-4868-989D-D0699F187544,0x116D3A30,0x135F20)
12:223  0:000  - [09]: Volume: PciRoot(0x0)\Pci(0x1F,0x2)\Sata(0x1,0x0,0x0)\HD(4,GPT,4F1A73E8-EAD5-4E33-8CAA-AA22862070C0,0x11809950,0x62EBD438)
12:223  0:000  Choosing theme tonymacx86
12:223  0:000  found boot-args in NVRAM:, size=1
12:223  0:000  after NVRAM boot-args=dart=0 nv_disable=1 kext-dev-mode=1
12:223  0:000  === [ AddCustomEntries ] ==================================
12:223  0:000  Custom entry 0 skipped because it is disabled.
12:223  0:000  === [ ScanLoader ] ========================================
12:223  0:000  - [02]: 'EFI'
12:239  0:015  - [03]: 'SIERRA'
12:239  0:000          AddLoaderEntry for Volume Name=SIERRA
12:239  0:000      Not match custom entry 0: Type: not match
12:241  0:001      hibernated: set as never
12:258  0:017  - [04]: 'Recovery HD'
12:258  0:000          AddLoaderEntry for Volume Name=Recovery HD
12:258  0:000      Not match custom entry 0: Type: not match
12:276  0:017  - [05]: 'DATA'
12:293  0:016  - [06]: 'EFI'
12:310  0:016  - [07]: 'sierra2'
12:310  0:000          AddLoaderEntry for Volume Name=sierra2
12:310  0:000      Not match custom entry 0: Type: not match
12:311  0:000      hibernated: set as never
12:329  0:018  - [08]: 'Recovery HD'
12:329  0:000          AddLoaderEntry for Volume Name=Recovery HD
12:329  0:000      Not match custom entry 0: Type: not match
12:347  0:017  - [09]: 'DATAMAC'
12:363  0:015  Scanning legacy ...
12:363  0:000  === [ AddCustomTool ] =====================================
12:363  0:000  found tool \EFI\CLOVER\tools\Shell64U.efi
12:363  0:000  Checking EFI partition Volume 2 for Clover
12:363  0:000   Found Clover
12:363  0:000  === [ GetEfiBootDeviceFromNvram ] =========================
12:363  0:000   - found entry 0. 'Boot macOS from SIERRA', Volume 'SIERRA', DevicePath 'PciRoot(0x0)\Pci(0x1F,0x2)\Sata(0x0,0x0,0x0)\HD(2,GPT,B9D702D4-6BC9-4833-A006-20AB2F758901,0x64028,0x1166FA08)\System\Library\CoreServices\boot.efii'
12:363  0:000  DefaultIndex=0 and MainMenu.EntryCount=10
39:008  26:644  ReinitSelfLib after theme change
39:008  0:000  reinit: self device path=PciRoot(0x0)\Pci(0x1F,0x2)\Sata(0x0,0x0,0x0)\HD(1,GPT,4DEC5538-AA44-412C-97AC-B0B5BA6B1012,0x28,0x64000)
39:008  0:000  === [ ScanVolumes ] =======================================
39:008  0:000  Found 10 volumes with blockIO
39:008  0:000  - [00]: Volume: PciRoot(0x0)\Pci(0x1F,0x2)\Sata(0x0,0x0,0x0)
39:008  0:000  - [01]: Volume: PciRoot(0x0)\Pci(0x1F,0x2)\Sata(0x1,0x0,0x0)
39:008  0:000  - [02]: Volume: PciRoot(0x0)\Pci(0x1F,0x2)\Sata(0x0,0x0,0x0)\HD(1,GPT,4DEC5538-AA44-412C-97AC-B0B5BA6B1012,0x28,0x64000)
39:009  0:000          Result of bootcode detection: bootable unknown (legacy)
39:009  0:000          This is SelfVolume !!
39:009  0:000  - [03]: Volume: PciRoot(0x0)\Pci(0x1F,0x2)\Sata(0x0,0x0,0x0)\HD(2,GPT,B9D702D4-6BC9-4833-A006-20AB2F758901,0x64028,0x1166FA08)
39:009  0:000  - [04]: Volume: PciRoot(0x0)\Pci(0x1F,0x2)\Sata(0x0,0x0,0x0)\HD(3,GPT,2F08F52E-BBC5-4F1C-98E8-936F3B797842,0x116D3A30,0x135F20)
39:009  0:000  - [05]: Volume: PciRoot(0x0)\Pci(0x1F,0x2)\Sata(0x0,0x0,0x0)\HD(4,GPT,A01D1EF1-4B59-4795-9557-984FB739FB90,0x11809950,0x2B9CFA98)
39:009  0:000  - [06]: Volume: PciRoot(0x0)\Pci(0x1F,0x2)\Sata(0x1,0x0,0x0)\HD(1,GPT,1041066B-4127-47F3-B7E7-818F6187F16B,0x28,0x64000)
39:010  0:000          Result of bootcode detection: bootable unknown (legacy)
39:010  0:000  - [07]: Volume: PciRoot(0x0)\Pci(0x1F,0x2)\Sata(0x1,0x0,0x0)\HD(2,GPT,D0C16CBC-6846-44FE-A4ED-B1A03C8FAE46,0x64028,0x1166FA08)
39:010  0:000  - [08]: Volume: PciRoot(0x0)\Pci(0x1F,0x2)\Sata(0x1,0x0,0x0)\HD(3,GPT,E27C0F31-4CC0-4868-989D-D0699F187544,0x116D3A30,0x135F20)
39:010  0:000  - [09]: Volume: PciRoot(0x0)\Pci(0x1F,0x2)\Sata(0x1,0x0,0x0)\HD(4,GPT,4F1A73E8-EAD5-4E33-8CAA-AA22862070C0,0x11809950,0x62EBD438)
39:010  0:000  Choosing theme tonymacx86
39:010  0:000  found boot-args in NVRAM:, size=1
39:010  0:000  after NVRAM boot-args=dart=0 nv_disable=1 kext-dev-mode=1
39:010  0:000  === [ AddCustomEntries ] ==================================
39:010  0:000  Custom entry 0 skipped because it is disabled.
39:010  0:000  === [ ScanLoader ] ========================================
39:010  0:000  - [02]: 'EFI'
39:026  0:016  - [03]: 'SIERRA'
39:026  0:000          AddLoaderEntry for Volume Name=SIERRA
39:026  0:000      Not match custom entry 0: Type: not match
39:028  0:001      hibernated: set as never
39:046  0:017  - [04]: 'Recovery HD'
39:046  0:000          AddLoaderEntry for Volume Name=Recovery HD
39:046  0:000      Not match custom entry 0: Type: not match
39:064  0:018  - [05]: 'DATA'
39:080  0:015  - [06]: 'EFI'
39:097  0:016  - [07]: 'sierra2'
39:097  0:000          AddLoaderEntry for Volume Name=sierra2
39:097  0:000      Not match custom entry 0: Type: not match
39:098  0:000      hibernated: set as never
39:116  0:018  - [08]: 'Recovery HD'
39:116  0:000          AddLoaderEntry for Volume Name=Recovery HD
39:116  0:000      Not match custom entry 0: Type: not match
39:134  0:018  - [09]: 'DATAMAC'
39:151  0:016  Scanning legacy ...
39:151  0:000  === [ AddCustomTool ] =====================================
39:151  0:000  found tool \EFI\CLOVER\tools\Shell64U.efi
39:151  0:000  Checking EFI partition Volume 2 for Clover
39:151  0:000   Found Clover
39:151  0:000  === [ GetEfiBootDeviceFromNvram ] =========================
39:151  0:000   - found entry 0. 'Boot macOS from SIERRA', Volume 'SIERRA', DevicePath 'PciRoot(0x0)\Pci(0x1F,0x2)\Sata(0x0,0x0,0x0)\HD(2,GPT,B9D702D4-6BC9-4833-A006-20AB2F758901,0x64028,0x1166FA08)\System\Library\CoreServices\boot.efii'
39:151  0:000  DefaultIndex=0 and MainMenu.EntryCount=10
45:038  5:887  Found UEFI Acpi 2.0 RSDP at 9AFFE014
45:038  0:000  Saving ACPI tables from RSDP 9AFFE014 to EFI\CLOVER\ACPI\origin ...
45:038  0:000   9AFFE014: 'RSD PTR ', Rev: 2 (Acpi 2.0 or newer), Len: 36 -> RSDP.aml
45:043  0:004    (Xsdt: 9AFFE210, Rsdt: 9AFFE124)
45:043  0:000    9AFFE210: 'XSDT', 'ACRPRDCT', Rev: 1, Len: 164 -> XSDT.aml
45:047  0:004    9AFFE124: 'RSDT', 'ACRPRDCT', Rev: 1, Len: 100 -> RSDT.aml
45:051  0:004    Tables in Xsdt: 16
45:051  0:000    0. 9AFF8000: 'FACP', 'ACRPRDCT', Rev: 5, Len: 268 -> FACP.aml
45:055  0:004        (Dsdt: 9AFE4000, Facs: 9AFB9000, XDsdt: 9AFE4000, XFacs: 0)
45:055  0:000        9AFE4000: 'DSDT', 'ACRPRDCT', Rev: 1, Len: 67190 -> DSDT.aml
45:061  0:006        9AFB9000: 'FACS', Ver: 2, Len: 64 -> FACS.aml
45:065  0:003    1. 9AFFD000: 'UEFI', 'ACRPRDCT', Rev: 1, Len: 566 -> UEFI.aml
45:069  0:003    2. 9AFFB000: 'FPDT', 'ACRPRDCT', Rev: 1, Len: 68 -> FPDT.aml
45:073  0:003    3. 9AFFA000: 'MSDM', 'ACRPRDCT', Rev: 3, Len: 85 -> MSDM.aml
45:076  0:003    4. 9AFF9000: 'ASF!', 'ACRPRDCT', Rev: 32, Len: 165 -> ASF!.aml
45:080  0:003    5. 9AFF7000: 'HPET', 'ACRPRDCT', Rev: 1, Len: 56 -> HPET.aml
45:084  0:003    6. 9AFF6000: 'APIC', 'ACRPRDCT', Rev: 3, Len: 140 -> APIC.aml
45:091  0:007    7. 9AFF5000: 'MCFG', 'ACRPRDCT', Rev: 1, Len: 60 -> MCFG.aml
45:095  0:003    8. 9AFE1000: 'SSDT', 'ACRPRDCT', Rev: 1, Len: 8232 -> SSDT-0.aml
45:099  0:003    9. 9AFDF000: 'BOOT', 'ACRPRDCT', Rev: 1, Len: 40 -> BOOT.aml
45:103  0:003    10. 9AFDD000: 'ASPT', 'ACRPRDCT', Rev: 7, Len: 52 -> ASPT.aml
45:107  0:003    11. 9AFDC000: 'DBGP', 'ACRPRDCT', Rev: 1, Len: 52 -> DBGP.aml
45:111  0:003    12. 9AFDB000: 'SSDT', 'ACRPRDCT', Rev: 1, Len: 1337 -> SSDT-1.aml
45:115  0:003    13. 9AFDA000: 'SSDT', 'ACRPRDCT', Rev: 1, Len: 2776
 Found hidden SSDT 4 pcs
45:115  0:000        * 98123598: '', '', Rev: 0, Len: 0  00 00 00 00 00 00 00 00 00 00 00 00 00 00 00 00       * 9AE38618: 'SSDT', 'ApIst', Rev: 1, Len: 1450  53 53 44 54 AA 05 00 00 01 CF 50 6D 52 65 66 00 Internal length = 1450 -> SSDT-3x.aml
45:119  0:003        * 9AE38C18: 'SSDT', 'Cpu0Cst', Rev: 1, Len: 979  53 53 44 54 D3 03 00 00 01 AF 50 6D 52 65 66 00 Internal length = 979 -> SSDT-4x.aml
45:122  0:003        * 9AE37D98: 'SSDT', 'ApCst', Rev: 1, Len: 281  53 53 44 54 19 01 00 00 01 EB 50 6D 52 65 66 00 Internal length = 281 -> SSDT-5x.aml
45:126  0:003   -> SSDT-2.aml
45:130  0:003    14. 9AFD6000: 'SSDT', 'ACRPRDCT', Rev: 1, Len: 15173 -> SSDT-6.aml
45:139  0:008    15. 9AFD5000: 'BGRT', 'ACRPRDCT', Rev: 1, Len: 56 -> BGRT.aml
45:143  0:004    Tables in Rsdt: 16
45:143  0:000    0. 9AFF8000: 'FACP', 'ACRPRDCT', Rev: 5, Len: 268
45:143  0:000        (Dsdt: 9AFE4000, Facs: 9AFB9000, XDsdt: 9AFE4000, XFacs: 0)
45:143  0:000        9AFE4000: 'DSDT', 'ACRPRDCT', Rev: 1, Len: 67190
45:145  0:001        9AFB9000: 'FACS', Ver: 2, Len: 64
45:145  0:000    1. 9AFFD000: 'UEFI', 'ACRPRDCT', Rev: 1, Len: 566
45:145  0:000    2. 9AFFB000: 'FPDT', 'ACRPRDCT', Rev: 1, Len: 68
45:145  0:000    3. 9AFFA000: 'MSDM', 'ACRPRDCT', Rev: 3, Len: 85
45:145  0:000    4. 9AFF9000: 'ASF!', 'ACRPRDCT', Rev: 32, Len: 165
45:145  0:000    5. 9AFF7000: 'HPET', 'ACRPRDCT', Rev: 1, Len: 56
45:145  0:000    6. 9AFF6000: 'APIC', 'ACRPRDCT', Rev: 3, Len: 140
45:145  0:000    7. 9AFF5000: 'MCFG', 'ACRPRDCT', Rev: 1, Len: 60
45:145  0:000    8. 9AFE1000: 'SSDT', 'ACRPRDCT', Rev: 1, Len: 8232
45:145  0:000    9. 9AFDF000: 'BOOT', 'ACRPRDCT', Rev: 1, Len: 40
45:145  0:000    10. 9AFDD000: 'ASPT', 'ACRPRDCT', Rev: 7, Len: 52
45:145  0:000    11. 9AFDC000: 'DBGP', 'ACRPRDCT', Rev: 1, Len: 52
45:145  0:000    12. 9AFDB000: 'SSDT', 'ACRPRDCT', Rev: 1, Len: 1337
45:145  0:000    13. 9AFDA000: 'SSDT', 'ACRPRDCT', Rev: 1, Len: 2776
45:145  0:000    14. 9AFD6000: 'SSDT', 'ACRPRDCT', Rev: 1, Len: 15173
45:145  0:000    15. 9AFD5000: 'BGRT', 'ACRPRDCT', Rev: 1, Len: 56
45:145  0:000  Found UEFI Acpi 1.0 RSDP at 9AFFE000
45:145  0:000  Printing ACPI tables from RSDP 9AFFE000 ...
45:145  0:000   9AFFE000: 'RSD PTR ', Rev: 0 (Acpi 1.0), Len: 20
45:145  0:000    (Rsdt: 9AFFE038)
45:145  0:000    9AFFE038: 'RSDT', 'ACRPRDCT', Rev: 1, Len: 100
45:145  0:000    Tables in Rsdt: 16
45:145  0:000    0. 9AFF8000: 'FACP', 'ACRPRDCT', Rev: 5, Len: 268
45:145  0:000        (Dsdt: 9AFE4000, Facs: 9AFB9000, XDsdt: 9AFE4000, XFacs: 0)
45:145  0:000        9AFE4000: 'DSDT', 'ACRPRDCT', Rev: 1, Len: 67190
45:146  0:001        9AFB9000: 'FACS', Ver: 2, Len: 64
45:146  0:000    1. 9AFFD000: 'UEFI', 'ACRPRDCT', Rev: 1, Len: 566
45:146  0:000    2. 9AFFB000: 'FPDT', 'ACRPRDCT', Rev: 1, Len: 68
45:146  0:000    3. 9AFFA000: 'MSDM', 'ACRPRDCT', Rev: 3, Len: 85
45:146  0:000    4. 9AFF9000: 'ASF!', 'ACRPRDCT', Rev: 32, Len: 165
45:146  0:000    5. 9AFF7000: 'HPET', 'ACRPRDCT', Rev: 1, Len: 56
45:146  0:000    6. 9AFF6000: 'APIC', 'ACRPRDCT', Rev: 3, Len: 140
45:146  0:000    7. 9AFF5000: 'MCFG', 'ACRPRDCT', Rev: 1, Len: 60
45:146  0:000    8. 9AFE1000: 'SSDT', 'ACRPRDCT', Rev: 1, Len: 8232
45:146  0:000    9. 9AFDF000: 'BOOT', 'ACRPRDCT', Rev: 1, Len: 40
45:146  0:000    10. 9AFDD000: 'ASPT', 'ACRPRDCT', Rev: 7, Len: 52
45:146  0:000    11. 9AFDC000: 'DBGP', 'ACRPRDCT', Rev: 1, Len: 52
45:146  0:000    12. 9AFDB000: 'SSDT', 'ACRPRDCT', Rev: 1, Len: 1337
45:146  0:000    13. 9AFDA000: 'SSDT', 'ACRPRDCT', Rev: 1, Len: 2776
45:146  0:000    14. 9AFD6000: 'SSDT', 'ACRPRDCT', Rev: 1, Len: 15173
45:146  0:000    15. 9AFD5000: 'BGRT', 'ACRPRDCT', Rev: 1, Len: 56
50:148  5:001  ParseBootOption: invalid input params
50:148  0:000  BootVariable of the entry is empty
50:148  0:000  === [ StartLoader ] =======================================
50:148  0:000  Finally: Bus=99768kHz CPU=2295MHz
50:148  0:000  Loading boot.efi  status=Success
50:208  0:060  GetOSVersion: 10.12.5 (16F73)
50:208  0:000  CSR_CFG: CSR_ALLOW_UNTRUSTED_KEXTS | CSR_ALLOW_UNRESTRICTED_FS | CSR_ALLOW_TASK_FOR_PID | CSR_ALLOW_UNRESTRICTED_DTRACE | CSR_ALLOW_UNRESTRICTED_NVRAM
50:208  0:000  Filtering KextPatches:
50:208  0:000   - [00]: AirPortBrcm4360 (AirPortBrcm4360 - fcvo) :: BinPatch :: [OS: 10.12.5 | MatchOS: All | MatchBuild: All] ==> allowed
50:208  0:000   - [01]: com.apple.driver.AppleBacklight (change F%uT%04x to F%uTxxxx in AppleBacklightInjector.kext (credit RehabMan)) :: BinPatch :: [OS: 10.12.5 | MatchOS: All | MatchBuild: All] ==> allowed
50:208  0:000   - [02]: com.apple.driver.AppleIntelFramebufferAzul (Enable 9MB cursor bytes, 0x0a260006) :: BinPatch :: [OS: 10.12.5 | MatchOS: All | MatchBuild: All] ==> allowed
50:208  0:000   - [03]: com.apple.driver.AppleIntelFramebufferAzul (Enable 96MB DVMT-prealloc, 0x0a2e0008) :: BinPatch :: [OS: 10.12.5 | MatchOS: All | MatchBuild: All] ==> disabled by user
50:208  0:000   - [04]: com.apple.driver.AppleIntelFramebufferAzul (Enable 128MB DVMT-prealloc, 0x0a2e0008) :: BinPatch :: [OS: 10.12.5 | MatchOS: All | MatchBuild: All] ==> disabled by user
50:208  0:000   - [05]: com.apple.driver.AppleIntelFramebufferAzul (Enable 128MB DVMT-prealloc, 48MB framebuffer, 48MB cursor bytes, 0x0a260006) :: BinPatch :: [OS: 10.12.5 | MatchOS: All | MatchBuild: All] ==> disabled by user
50:208  0:000   - [06]: com.apple.driver.AppleIntelFramebufferAzul (HDMI-audio, port 0105, 0x0a260005 0x0a260006, 0x0d220003, 0x0a2e000a, 0x0a26000a) :: BinPatch :: [OS: 10.12.5 | MatchOS: All | MatchBuild: All] ==> disabled by user
50:208  0:000   - [07]: com.apple.driver.AppleIntelFramebufferAzul (HDMI-audio, port 0204, 0x0d220003, 0x0a2e000a, 0x0a26000a) :: BinPatch :: [OS: 10.12.5 | MatchOS: All | MatchBuild: All] ==> disabled by user
50:208  0:000   - [08]: com.apple.driver.AppleIntelFramebufferAzul (HDMI-audio, port 0204, 0x0a260005 0x0a260006) :: BinPatch :: [OS: 10.12.5 | MatchOS: All | MatchBuild: All] ==> allowed
50:208  0:000   - [09]: com.apple.driver.AppleIntelFramebufferAzul (HDMI-audio, port 0105, 0x0a2e0008, 0x0a16000c, 0x0a2e000d, 0x0a26000d) :: BinPatch :: [OS: 10.12.5 | MatchOS: All | MatchBuild: All] ==> disabled by user
50:208  0:000   - [10]: com.apple.driver.AppleIntelFramebufferAzul (HDMI-audio, port 0204, 0x0a2e0008, 0x0a16000c, 0x0a2e000d, 0x0a26000d) :: BinPatch :: [OS: 10.12.5 | MatchOS: All | MatchBuild: All] ==> disabled by user
50:208  0:000   - [11]: com.apple.driver.AppleIntelFramebufferAzul (HDMI-audio, port 0204, 0x0a2e0008, 0x0a16000c, 0x0a2e000d, 0x0a26000d) :: BinPatch :: [OS: 10.12.5 | MatchOS: 10.12.x | MatchBuild: All] ==> disabled by user
50:208  0:000   - [12]: com.apple.driver.AppleIntelFramebufferAzul (Enable internal display after sleep for 0x0a2e0008, credit syscl/lighting/Yating Zhou) :: BinPatch :: [OS: 10.12.5 | MatchOS: All | MatchBuild: All] ==> disabled by user
50:208  0:000   - [13]: AppleIntelFramebufferAzul (Enable internal display after sleep for 0x0a2e000a, 0x0a26000a) :: BinPatch :: [OS: 10.12.5 | MatchOS: All | MatchBuild: All] ==> disabled by user
50:208  0:000   - [14]: com.apple.driver.AppleIntelFramebufferAzul (HDMI-audio, port 0105(12), 0x0a260005 0x0a260006, 0x0d220003, 0x0a2e000a, 0x0a26000a) :: BinPatch :: [OS: 10.12.5 | MatchOS: All | MatchBuild: All] ==> disabled by user
50:208  0:000   - [15]: com.apple.driver.AppleIntelFramebufferAzul (HDMI-audio, port 0204(12), 0x0d220003, 0x0a2e000a, 0x0a26000a) :: BinPatch :: [OS: 10.12.5 | MatchOS: All | MatchBuild: All] ==> disabled by user
50:208  0:000   - [16]: com.apple.driver.AppleIntelFramebufferAzul (HDMI-audio, port 0204(12), 0x0a260005 0x0a260006) :: BinPatch :: [OS: 10.12.5 | MatchOS: All | MatchBuild: All] ==> disabled by user
50:208  0:000   - [17]: com.apple.driver.AppleIntelFramebufferAzul (HDMI-audio, port 0105(12), 0x0a2e0008, 0x0a16000c, 0x0a2e000d, 0x0a26000d) :: BinPatch :: [OS: 10.12.5 | MatchOS: All | MatchBuild: All] ==> disabled by user
50:208  0:000   - [18]: com.apple.driver.AppleIntelFramebufferAzul (HDMI-audio, port 0204(12), 0x0a2e0008, 0x0a16000c, 0x0a2e000d, 0x0a26000d) :: BinPatch :: [OS: 10.12.5 | MatchOS: All | MatchBuild: All] ==> disabled by user
50:208  0:000   - [19]: com.apple.driver.AppleIntelFramebufferAzul (HDMI-audio, port 0204(12), 0x0a2e0008, 0x0a16000c, 0x0a2e000d, 0x0a26000d) :: BinPatch :: [OS: 10.12.5 | MatchOS: 10.12.x | MatchBuild: All] ==> disabled by user
50:208  0:000   - [20]: AppleHDA (Zeroing 10ec0885 codec (patched by AppleHDA Patcher.app)) :: BinPatch :: [OS: 10.12.5 | MatchOS: All | MatchBuild: All] ==> allowed
50:208  0:000   - [21]: AppleHDA (Patching 11d41984 with 10ec0282 codec (patched by AppleHDA Patcher.app)) :: BinPatch :: [OS: 10.12.5 | MatchOS: All | MatchBuild: All] ==> allowed
50:208  0:000  Filtering KernelPatches:
50:208  0:000   - [00]: MSR 0xE2 _xcpm_idle instant reboot(c) Pike R. Alpha :: [OS: 10.12.5 | MatchOS: 10.12.x,10.11.x | MatchBuild: no] ==> allowed by OS
50:208  0:000  === [ PatchSmbios ] =======================================
50:208  0:000  insert table 9 for dev 0:0
50:208  0:000  insert table 9 for dev 0:0
50:208  0:000  Trusting SMBIOS...
50:208  0:000  Detected alternating SMBIOS channel banks
50:208  0:000  Channels: 2
50:208  0:000  Interleave: 0 2 1 3 4 6 5 7 8 10 9 11 12 14 13 15 16 18 17 19 20 22 21 23
50:208  0:000   partNum=CT102464BF160B.M16
50:208  0:000  SMBIOS Type 17 Index = 0 => 0 0:
50:208  0:000  BANK 0 DIMM0 1600MHz 8192MB
50:208  0:000   partNum=CT102464BF160B.M16
50:208  0:000  SMBIOS Type 17 Index = 1 => 1 2:
50:208  0:000  BANK 1 DIMM0 1600MHz 8192MB
50:208  0:000  mTotalSystemMemory = 16384
50:208  0:000  NumberOfMemoryDevices = 2
50:208  0:000  Type20[0]->End = 0x7FFFFF, Type17[0] = 0x2000
50:209  0:000  Type20[1]->End = 0x7FFFFF, Type17[1] = 0x6000
50:209  0:000  === [ PatchACPI ] =========================================
50:209  0:000  RSDT 0x9AFFE124
50:209  0:000  FADT from RSDT: 0x9AFF8000
50:209  0:000  XSDT 0x9AFFE210
50:209  0:000  FADT from XSDT: 0x9AFF8000
50:209  0:000  Xsdt reallocation done
50:209  0:000  old FADT length=10C
50:209  0:000  DSDT found in Clover volume OEM folder: EFI\CLOVER\ACPI\patched\DSDT.aml
50:210  0:001  Apply DsdtFixMask=0x00000000
50:210  0:000     drop _DSM mask=0xFFFF
50:210  0:000  === [ FixBiosDsdt ] =======================================
50:210  0:000  VideoCard devID=0xA168086
50:210  0:000  DisplayADR1[0] = 0x20000, DisplayADR2[0] = 0xFFFE
50:210  0:000  Audio HDA (addr:0x30000) setting specified layout-id=3 (0x3)
50:210  0:000  USBADR[0] = 0x140000 and PCIe = 0xFFFE
50:210  0:000  Audio HDA (addr:0x1B0000) setting specified layout-id=3 (0x3)
50:210  0:000  Found Airport BCM at 0x1C0003, 0x0
50:210  0:000  USBADR[1] = 0x1D0000 and PCIe = 0xFFFE
50:210  0:000  Patching DSDT:
50:210  0:000   - [change OSID to XSID (to avoid match against _OSI XOSI patch)]: disabled
50:210  0:000   - [change _OSI to XOSI]: disabled
50:210  0:000   - [change _DSM to XDSM]: disabled
50:210  0:000   - [change EC0 to EC]: pattern 4543305F, patched at: [ (33DD) (E) (1B) (E) (4E) (42) (337D) (14) (2D) (14) (FB) (14) (222) (14) (1B38) (72E2) (F) (DEE) (126) (66) (F) (10) (10) (10) (17) (E) (10) (10) (17) (1B) (B) (6B) (12) (1C) (18) (16) (41) (AD) (D) (8) ]
50:211  0:000   - [change H_EC to EC]: disabled
50:211  0:000   - [change EHC1 to EH01]: pattern 45484331, patched at: [ (8462) (F) (11) (11) (10) (A88) ]
50:211  0:000   - [change EHC2 to EH02]: pattern 45484332, patched at: [ (84C8) (F) (11) (11) (10) (1088) ]
50:211  0:000   - [change GFX0 to IGPU]: pattern 47465830, patched at: [ (B6) (12) (12) (12) (12) (12) (12) (12) (12) (12) (12) (6849) (F) (BE2) (30) (14B) (286) (88A) (44F) (14) (72) (12) (15) (17) (F) (15) (17) (F) (76C5) (D) (10) (14) (7F) (D) (10) (14) (5B) (8) (14B) (B) (D) (10) (8) ]
50:211  0:000   - [change GFX0 to IGPU]: pattern 47465830, bin not found / already patched!
50:211  0:000   - [change PCI0.VID to IGPU #1 (Thinkpad)]: pattern 50434930, bin not found / already patched!
50:211  0:000   - [change PCI0.VID to IGPU #2 (Thinkpad)]: pattern 5649445F, bin not found / already patched!
50:211  0:000   - [change B0D3 to HDAU]: pattern 42304433, bin not found / already patched!
50:211  0:000  first CPU found at 7D99 offset 7D9D
50:211  0:000  score candidate at 7D95
50:211  0:000  score inserted in acpi_cpu_score _PR_
50:211  0:000  Found ACPI CPU: CPU0 | CPU1 | CPU2 | CPU3 | CPU4 | CPU5 | CPU6 | CPU7 , within the score: _PR_
50:211  0:000  Found PCIROOTUID = 0
50:212  0:000  === [ ACPIDropTables ] ====================================
50:212  0:000  === [ PatchAllSSDT ] ======================================
50:212  0:000  Patch table: SSDT  ACRPRDCT len=0x2028
50:212  0:000  0. [change OSID to XSID (to avoid match against _OSI XOSI patch)]: disabled
50:212  0:000  1. [change _OSI to XOSI]: disabled
50:212  0:000  2. [change _DSM to XDSM]: disabled
50:212  0:000  3. [change EC0 to EC]: pattern 4543305F, bin not found / already patched!
50:212  0:000  4. [change H_EC to EC]: disabled
50:212  0:000  5. [change EHC1 to EH01]: pattern 45484331, bin not found / already patched!
50:212  0:000  6. [change EHC2 to EH02]: pattern 45484332, bin not found / already patched!
50:212  0:000  7. [change GFX0 to IGPU]: pattern 47465830, bin not found / already patched!
50:212  0:000  8. [change GFX0 to IGPU]: pattern 47465830, bin not found / already patched!
50:212  0:000  9. [change PCI0.VID to IGPU #1 (Thinkpad)]: pattern 50434930, bin not found / already patched!
50:212  0:000  10. [change PCI0.VID to IGPU #2 (Thinkpad)]: pattern 5649445F, bin not found / already patched!
50:212  0:000  11. [change B0D3 to HDAU]: pattern 42304433, bin not found / already patched!
50:212  0:000  Patch table: SSDT  ACRPRDCT len=0x539
50:212  0:000  0. [change OSID to XSID (to avoid match against _OSI XOSI patch)]: disabled
50:212  0:000  1. [change _OSI to XOSI]: disabled
50:212  0:000  2. [change _DSM to XDSM]: disabled
50:212  0:000  3. [change EC0 to EC]: pattern 4543305F, bin not found / already patched!
50:212  0:000  4. [change H_EC to EC]: disabled
50:212  0:000  5. [change EHC1 to EH01]: pattern 45484331, bin not found / already patched!
50:212  0:000  6. [change EHC2 to EH02]: pattern 45484332, bin not found / already patched!
50:212  0:000  7. [change GFX0 to IGPU]: pattern 47465830, bin not found / already patched!
50:212  0:000  8. [change GFX0 to IGPU]: pattern 47465830, bin not found / already patched!
50:212  0:000  9. [change PCI0.VID to IGPU #1 (Thinkpad)]: pattern 50434930, bin not found / already patched!
50:212  0:000  10. [change PCI0.VID to IGPU #2 (Thinkpad)]: pattern 5649445F, bin not found / already patched!
50:212  0:000  11. [change B0D3 to HDAU]: pattern 42304433, bin not found / already patched!
50:212  0:000  Patch table: SSDT  ACRPRDCT len=0xAD8
50:212  0:000  0. [change OSID to XSID (to avoid match against _OSI XOSI patch)]: disabled
50:212  0:000  1. [change _OSI to XOSI]: disabled
50:212  0:000  2. [change _DSM to XDSM]: disabled
50:212  0:000  3. [change EC0 to EC]: pattern 4543305F, bin not found / already patched!
50:212  0:000  4. [change H_EC to EC]: disabled
50:212  0:000  5. [change EHC1 to EH01]: pattern 45484331, bin not found / already patched!
50:212  0:000  6. [change EHC2 to EH02]: pattern 45484332, bin not found / already patched!
50:212  0:000  7. [change GFX0 to IGPU]: pattern 47465830, bin not found / already patched!
50:212  0:000  8. [change GFX0 to IGPU]: pattern 47465830, bin not found / already patched!
50:212  0:000  9. [change PCI0.VID to IGPU #1 (Thinkpad)]: pattern 50434930, bin not found / already patched!
50:212  0:000  10. [change PCI0.VID to IGPU #2 (Thinkpad)]: pattern 5649445F, bin not found / already patched!
50:212  0:000  11. [change B0D3 to HDAU]: pattern 42304433, bin not found / already patched!
50:212  0:000  Patch table: SSDT  ACRPRDCT len=0x3B45
50:212  0:000  0. [change OSID to XSID (to avoid match against _OSI XOSI patch)]: disabled
50:212  0:000  1. [change _OSI to XOSI]: disabled
50:212  0:000  2. [change _DSM to XDSM]: disabled
50:212  0:000  3. [change EC0 to EC]: pattern 4543305F, patched at: [ (26DB) (1B) ]
50:212  0:000  4. [change H_EC to EC]: disabled
50:212  0:000  5. [change EHC1 to EH01]: pattern 45484331, bin not found / already patched!
50:212  0:000  6. [change EHC2 to EH02]: pattern 45484332, bin not found / already patched!
50:212  0:000  7. [change GFX0 to IGPU]: pattern 47465830, patched at: [ (D44) (17) (17) (1A) (1CDB) (1B) (1B) (1B) (D86) (1D) ]
50:212  0:000  8. [change GFX0 to IGPU]: pattern 47465830, bin not found / already patched!
50:212  0:000  9. [change PCI0.VID to IGPU #1 (Thinkpad)]: pattern 50434930, bin not found / already patched!
50:212  0:000  10. [change PCI0.VID to IGPU #2 (Thinkpad)]: pattern 5649445F, bin not found / already patched!
50:212  0:000  11. [change B0D3 to HDAU]: pattern 42304433, patched at: [ (858) (2E7D) (F) (10) (F) (F) (F) ]
50:212  0:000  Drop tables from Xsdt, SIGN=XXXX TableID= Length=0
50:212  0:000   Xsdt has tables count=16
50:212  0:000  === [ ACPIPatchedAML ] ====================================
50:212  0:000  Unsorted
50:212  0:000  Inserting SSDT.aml from EFI\CLOVER\ACPI\patched ... Success
50:212  0:000  Inserting SSDT-PNLF.aml from EFI\CLOVER\ACPI\patched ... Success
50:213  0:000  CPUBase=0 and ApicCPUBase=1 ApicCPUNum=8
50:213  0:000  === [ RestSetup macOS ] ===================================
50:213  0:000  EdidDiscovered size=128
50:213  0:000  ------- EDID Table
50:213  0:000  000  |  00  FF  FF  FF  FF  FF  FF  00  0D  AE
50:213  0:000  010  |  BF  15  00  00  00  00  2C  16  01  04
50:213  0:000  020  |  95  22  13  78  02  E9  15  95  5A  56
50:213  0:000  030  |  93  27  1E  50  54  00  00  00  01  01
50:213  0:000  040  |  01  01  01  01  01  01  01  01  01  01
50:213  0:000  050  |  01  01  01  01  79  1D  56  C2  50  00
50:213  0:000  060  |  26  30  1F  41  4C  00  58  C2  10  00
50:213  0:000  070  |  00  18  00  00  00  FE  00  4E  31  35
50:213  0:000  080  |  36  42  47  45  2D  45  34  31  0A  20
50:213  0:000  090  |  00  00  00  FE  00  43  4D  4E  0A  20
50:213  0:000  100  |  20  20  20  20  20  20  20  20  00  00
50:213  0:000  110  |  00  FE  00  4E  31  35  36  42  47  45
50:213  0:000  120  |  2D  45  34  31  0A  20  00  67
50:213  0:000  Intel HD Graphics 4400 [8086:0A16] :: PciRoot(0x0)\Pci(0x2,0x0)
50:213  0:000    Found Full Wide XGA Display - 16:9 :: Width=1366 Height=768
50:213  0:000    Custom Intel GFX properties injected, continue
50:213  0:000    Default AAPL00,DualLink = 1
50:213  0:000    Low Resolution Display
50:213  0:000    AAPL00,DualLink: changed from 1 to not used
50:213  0:000    FakeID Intel GFX = 0x04128086
50:213  0:000    ig-platform-id = 0x0A260006
50:213  0:000  Intel GFX revision  = 0x9
50:213  0:000   setting specified layout-id=3 (0x3)
50:213  0:000   setting specified layout-id=3 (0x3)
50:213  0:000  stringlength = 2522
50:214  0:000  CurrentMode: Width=1366 Height=768
50:214  0:000  Beginning FSInjection
FSInjectionInstall ...
- Our FSI_SIMPLE_FILE_SYSTEM_PROTOCOL installed on handle: 983CB898
FSInjectionInstall ...
- Our FSI_SIMPLE_FILE_SYSTEM_PROTOCOL installed on handle: 983CB898
50:232  0:018  Use origin smbios table type 1 guid.
50:232  0:000  MSR 0x1B0   set to        00000000
50:234  0:002    Force kext: System\Library\Extensions\IONetworkingFamily.kext
50:253  0:018      Force PlugIn kext: System\Library\Extensions\IONetworkingFamily.kext\Contents\PlugIns\AppleBCM5701Ethernet.kext
50:278  0:024      Force PlugIn kext: System\Library\Extensions\IONetworkingFamily.kext\Contents\PlugIns\AppleIntel8254XEthernet.kext
50:294  0:016      Force PlugIn kext: System\Library\Extensions\IONetworkingFamily.kext\Contents\PlugIns\AppleIntelI210Ethernet.kext
50:314  0:019      Force PlugIn kext: System\Library\Extensions\IONetworkingFamily.kext\Contents\PlugIns\AppleVmxnet3Ethernet.kext
50:329  0:015      Force PlugIn kext: System\Library\Extensions\IONetworkingFamily.kext\Contents\PlugIns\AppleYukon2.kext
50:356  0:026      Force PlugIn kext: System\Library\Extensions\IONetworkingFamily.kext\Contents\PlugIns\Intel82574L.kext
50:375  0:019      Force PlugIn kext: System\Library\Extensions\IONetworkingFamily.kext\Contents\PlugIns\IOEthernetAVBController.kext
50:390  0:015      Force PlugIn kext: System\Library\Extensions\IONetworkingFamily.kext\Contents\PlugIns\mDNSOffloadUserClient.kext
50:405  0:015      Force PlugIn kext: System\Library\Extensions\IONetworkingFamily.kext\Contents\PlugIns\nvenet.kext
50:423  0:017  Preparing kexts injection for arch=x86_64 from EFI\CLOVER\kexts\Other
50:424  0:000  Preparing kexts injection for arch=x86_64 from EFI\CLOVER\kexts\10.12
50:427  0:003  Custom boot is disabled
50:427  0:000  Closing log
